file /tmp/tmp.cklswU8Vn8/pySecDecContrib/SConscript,line 127:
	Configure(confdir = /tmp/.sconf_temp)
scons: Configure: Checking for C function clock_gettime()... 
/tmp/.sconf_temp/conftest_af970e62bfd89f1045616c8111569aeb_0.c <-
  |
  |
  |#include <assert.h>
  |
  |#ifdef __cplusplus
  |extern "C"
  |#endif
  |char clock_gettime(void);
  |
  |#if _MSC_VER && !__INTEL_COMPILER
  |    #pragma function(clock_gettime)
  |#endif
  |
  |int main(void) {
  |#if defined (__stub_clock_gettime) || defined (__stub___clock_gettime)
  |  #error "clock_gettime has a GNU stub, cannot check"
  |#else
  |  clock_gettime();
  |#endif
  |
  |  return 0;
  |}
  |
gcc -o /tmp/.sconf_temp/conftest_af970e62bfd89f1045616c8111569aeb_0.o -c /tmp/.sconf_temp/conftest_af970e62bfd89f1045616c8111569aeb_0.c
gcc -o /tmp/.sconf_temp/conftest_af970e62bfd89f1045616c8111569aeb_0_e169e87333ac5f1228f49e9076aa6437 /tmp/.sconf_temp/conftest_af970e62bfd89f1045616c8111569aeb_0.o
scons: Configure: yes


