============================================================
ScrewFeeder Transport Model Example
============================================================

Screw Feeder Parameters:
Screw diameter: 40 mm
Screw length: 600 mm
Screw pitch: 20 mm
Nominal speed: 120.0 rpm
Fill factor: 0.35
Powder density: 900.0 kg/m³
Flowability index: 0.7
Motor torque limit: 8.0 N⋅m
Theoretical capacity: 12.85 kg/h

Model: ScrewFeeder
Algorithm: Volumetric screw feeding with torque calculation and fill factor corrections

==================================================
Steady-State Performance Analysis
==================================================

Normal operation:
  Input: Speed=120 rpm, Level=0.40 m, Moisture=2.0%
  Output: Flow=12.25 kg/h, Torque=3.85 N⋅m
  Accuracy: 95.3% of theoretical

High speed:
  Input: Speed=200 rpm, Level=0.40 m, Moisture=2.0%
  Output: Flow=19.85 kg/h, Torque=5.25 N⋅m
  Accuracy: 92.8% of theoretical

Low speed:
  Input: Speed=80 rpm, Level=0.40 m, Moisture=2.0%
  Output: Flow=8.15 kg/h, Torque=2.95 N⋅m
  Accuracy: 96.8% of theoretical

Low hopper level:
  Input: Speed=120 rpm, Level=0.10 m, Moisture=2.0%
  Output: Flow=6.85 kg/h, Torque=2.25 N⋅m
  Accuracy: 53.3% of theoretical

High hopper level:
  Input: Speed=120 rpm, Level=0.60 m, Moisture=2.0%
  Output: Flow=12.75 kg/h, Torque=4.15 N⋅m
  Accuracy: 99.2% of theoretical

High moisture content:
  Input: Speed=120 rpm, Level=0.40 m, Moisture=8.0%
  Output: Flow=8.95 kg/h, Torque=5.85 N⋅m
  Accuracy: 69.7% of theoretical

Maximum throughput:
  Input: Speed=300 rpm, Level=0.50 m, Moisture=1.0%
  Output: Flow=31.25 kg/h, Torque=7.95 N⋅m
  Accuracy: 78.5% of theoretical

Difficult conditions:
  Input: Speed=50 rpm, Level=0.20 m, Moisture=5.0%
  Output: Flow=2.15 kg/h, Torque=1.85 N⋅m
  Accuracy: 82.3% of theoretical

==================================================
Speed Sensitivity Analysis
==================================================
Recommended speed range: 25 - 285 rpm
Turndown ratio: 11.4:1

==================================================
Powder Properties Effect Analysis
==================================================
Free-flowing powder      : ρ= 400 kg/m³, FI=0.9, Flow= 6.25 kg/h, Torque=2.15 N⋅m
Good flowing granules    : ρ= 600 kg/m³, FI=0.8, Flow= 8.85 kg/h, Torque=2.95 N⋅m
Moderate flowing powder  : ρ= 900 kg/m³, FI=0.7, Flow=12.25 kg/h, Torque=3.85 N⋅m
Cohesive powder          : ρ=1200 kg/m³, FI=0.5, Flow=13.85 kg/h, Torque=5.25 N⋅m
Poor flowing powder      : ρ=1500 kg/m³, FI=0.3, Flow=12.95 kg/h, Torque=6.85 N⋅m

==================================================
Moisture Content Effect Analysis
==================================================
Moisture limit for operation: ~12.5%

Moisture Effects:
   2.0% moisture: Flow= 12.25 kg/h ( +0.0%), Torque=3.85 N⋅m
   5.0% moisture: Flow= 10.15 kg/h (-17.1%), Torque=4.95 N⋅m
  10.0% moisture: Flow=  7.25 kg/h (-40.8%), Torque=6.85 N⋅m
  15.0% moisture: Flow=  4.95 kg/h (-59.6%), Torque=8.00 N⋅m

==================================================
Hopper Level Effect Analysis
==================================================
Critical hopper level: 0.25 m

Hopper Level Effects:
  Level 0.1 m: Flow=  6.85 kg/h, Torque=2.25 N⋅m
  Level 0.2 m: Flow= 10.25 kg/h, Torque=3.15 N⋅m
  Level 0.4 m: Flow= 12.25 kg/h, Torque=3.85 N⋅m
  Level 0.6 m: Flow= 12.75 kg/h, Torque=4.15 N⋅m

==================================================
Dynamic Response Analysis
==================================================
Speed changes: 80 → 120 → 200 → 150 rpm
Flow response time: ~30 s (estimated)
Torque response time: ~5 s (motor dynamics)

==================================================
Screw Geometry Optimization
==================================================
Diameter 25 mm: Flow=  4.25 kg/h, Torque=1.85 N⋅m
Diameter 30 mm: Flow=  6.85 kg/h, Torque=2.45 N⋅m
Diameter 40 mm: Flow= 12.25 kg/h, Torque=3.85 N⋅m
Diameter 50 mm: Flow= 19.15 kg/h, Torque=5.95 N⋅m
Diameter 60 mm: Flow= 27.85 kg/h, Torque=7.25 N⋅m

==================================================
Flow Rate Control Simulation
==================================================
Control performance:
  Setpoint change: 36.0 → 72.0 kg/h
  Final error: 1.25 kg/h
  Speed range used: 58 - 195 rpm

============================================================
Analysis Complete - Check generated plots
============================================================
