============================================================
NATURAL GAS PIPELINE COMPRESSION STATION ANALYSIS
============================================================

1. DESIGN CONDITIONS
--------------------
Suction Pressure:    40.0 bar
Discharge Pressure:  80.0 bar
Pressure Ratio:      2.00
Suction Temperature: 15.0°C
Isentropic Efficiency: 82.0%
Gas Flow Rate:       33.6 kNm³/h (at STP)

2. COMPRESSION PERFORMANCE
------------------------------
Outlet Temperature:   70.8°C
Temperature Rise:     55.8 K
Compression Power:    39.76 MW
Specific Power:       1515 kJ/kg

3. COMPARISON WITH IDEAL ISENTROPIC
----------------------------------------
Ideal Outlet Temperature: 60.8°C
Ideal Power:             32.60 MW
Efficiency Impact:       22.0% power increase

4. DIMENSIONLESS GROUPS
-------------------------
Pressure Ratio (P₂/P₁):     2.00
Temperature Ratio (T₂/T₁):  1.194
Efficiency Factor:          0.820

5. OPERATING ENVELOPE ANALYSIS
-----------------------------------

Flow = 50% of design:
  PR=1.5: T_out=47°C, Power=11.3MW
  PR=1.8: T_out=63°C, Power=17.2MW
  PR=2.2: T_out=78°C, Power=22.4MW
  PR=2.5: T_out=91°C, Power=26.9MW
  PR=2.8: T_out=102°C, Power=31.0MW

Flow = 100% of design:
  PR=1.5: T_out=47°C, Power=22.5MW
  PR=1.8: T_out=63°C, Power=34.4MW
  PR=2.2: T_out=78°C, Power=44.7MW
  PR=2.5: T_out=91°C, Power=53.9MW
  PR=2.8: T_out=102°C, Power=62.1MW

Flow = 150% of design:
  PR=1.5: T_out=47°C, Power=33.8MW
  PR=1.8: T_out=63°C, Power=51.7MW
  PR=2.2: T_out=78°C, Power=67.1MW
  PR=2.5: T_out=91°C, Power=80.8MW
  PR=2.8: T_out=102°C, Power=93.1MW

6. SCALE-UP CONSIDERATIONS
------------------------------
Mechanical limits:
  - Max tip speed: ~250-300 m/s (centrifugal)
  - Max outlet temp: 150°C (material limits)
  - Surge margin: 15-20% above surge line
  - Current outlet temp: 71°C (OK)

7. ECONOMIC IMPACT
--------------------
Annual electricity cost: $27.86M
Cost per Nm³ compressed: $94666.507/kNm³

8. SAFETY & OPERATIONAL LIMITS
-----------------------------------
Temperature rise limit: 100 K
Current temperature rise: 55.8 K
Safety margin: 44.2%
Within safe operating limits

9. COMPARISON WITH INDUSTRY STANDARDS
----------------------------------------
Typical pipeline compressor performance:
  - Efficiency: 80-85% (current: 82.0%)
  - Pressure ratio: 1.5-2.5 per stage (current: 2.0)
  - Specific power: 15-25 kJ/kg (current: 1515 kJ/kg)

10. MODEL METADATA
--------------------
Model type: Compressor
Category: unit/compressor
Key applications:
  - Natural gas transmission pipelines
  - Refrigeration cycles
  - Air conditioning systems
Main limitations:
  - Assumes ideal gas behavior
  - No consideration of surge or choke limits
  - Constant isentropic efficiency across operating range

============================================================
ANALYSIS COMPLETE
============================================================
