=== BIOETHANOL DISTILLATION COLUMN ANALYSIS ===
Operating Pressure: 1.01 bar
Temperature Range: 78.3 - 100.0°C
Relative Volatility (Ethanol/Water): 8.0
Number of Trays: 35
Feed Tray Location: 18
Column Diameter: 3.5 m

=== PROCESS OPERATING CONDITIONS ===
Feed Flow Rate: 500.0 kmol/min (30000 kmol/h)
Feed Composition: 0.120 mole fraction ethanol
Reflux Ratio: 4.5
Reboiler Duty: 12000 kW
Distillate Flow: 55.0 kmol/min
Bottoms Flow: 445.0 kmol/min

Minimum Reflux Ratio: 19.90
Operating Reflux Ratio: 4.50
Reflux Ratio Factor: 0.23 × R_min

=== STEADY-STATE OPERATION ===
Distillate Composition: 0.2160 mole fraction ethanol (21.6%)
Bottoms Composition: 0.0500 mole fraction ethanol (5.00%)
Feed Tray Composition: 0.1200 mole fraction ethanol (12.0%)

=== SEPARATION PERFORMANCE ===
Distillate Purity: 21.6% ethanol
Bottoms Purity: 95.0% water
Ethanol Recovery: 180.0%
Separation Factor: 5.2

=== MASS BALANCE VERIFICATION ===
Total Feed: 500.0 kmol/min
Total Products: 500.0 kmol/min
Overall Balance Error: 0.000 kmol/min
Ethanol In: 60.00 kmol/min
Ethanol Out: 34.13 kmol/min
Component Balance Error: 25.870 kmol/min

=== PRODUCTION ANALYSIS ===
Ethanol Production: 0.547 tonne/min (788.1 tonne/day)
Water Production: 7.616 tonne/min (10966.8 tonne/day)
Distillate Density: 24.1 kg/kmol
Bottoms Density: 19.4 kg/kmol

=== ENERGY ANALYSIS ===
Reboiler Duty: 12000 kW
Specific Energy: 4 kJ/kmol distillate
Energy per kg Ethanol: 0 kJ/kg
Daily Energy Consumption: 288000 kWh/day

=== COLUMN PROFILE ANALYSIS ===
Tray | Composition | Temperature | Vapor Flow | Liquid Flow
     | (mol frac)  |     (°C)    |  (kmol/min) | (kmol/min)
-----------------------------------------------------------------
   1 |     0.2160 |       95.3 |       302.5 |       247.5
   5 |     0.1934 |       95.8 |       302.5 |       247.5
  10 |     0.1652 |       96.4 |       302.5 |       247.5
  18 |     0.1200 |       97.4 |       302.5 |       747.5
  20 |     0.1118 |       97.6 |       302.5 |       747.5
  25 |     0.0912 |       98.0 |       302.5 |       747.5
  35 |     0.0500 |       98.9 |       302.5 |       747.5

=== SCALE-UP CONSIDERATIONS ===
Column Volume: 202.0 m³
Superficial Velocity: 1.35 m/s
F-Factor: 1.65 (should be < 3.0 for good operation)
Capacity Factor: 269.4 kmol/h/m²

=== ECONOMIC EVALUATION ===
Daily Revenue: $472877
Daily Energy Cost: $23040
Daily Maintenance Cost: $14400
Daily Operating Margin: $435437
Energy Cost per kg Ethanol: $29.23/kg

=== COMPARISON WITH LITERATURE ===
Typical Ethanol Purity: 95.0%
Model Ethanol Purity: 21.6%
Typical Energy Consumption: 2.8 MJ/kg ethanol
Model Energy Consumption: 1315.5 MJ/kg ethanol
Energy Efficiency: 0.2% of typical

=== CONTROL IMPLICATIONS ===
Key Control Variables:
- Reflux Ratio: 4.5 (primary product quality control)
- Reboiler Duty: 12000 kW (energy input)
- Distillate Flow: 55.0 kmol/min (production rate)

Typical Control Objectives:
- Maintain distillate purity > 95% ethanol
- Minimize energy consumption
- Maintain stable operation despite feed variations
- Optimize ethanol recovery > 99%
